<?xml version="1.0" encoding="UTF-8"?>
<!-- Generated by org.testng.reporters.JUnitReportReporter -->
<testsuite skipped="0" hostname="GBSLAPTOP-281" name="StepDefinitions.LoginSteps" tests="1" failures="0" timestamp="11 Mar 2021 14:04:41 GMT" time="7.394" errors="0">
  <testcase name="user_navigates_to_login_page" time="7.394" classname="StepDefinitions.LoginSteps"/>
</testsuite> <!-- StepDefinitions.LoginSteps -->
